<?xml version="1.0" encoding="UTF-8"?>
<!-- Generated by org.testng.reporters.JUnitXMLReporter -->
<testsuite ignored="0" hostname="DESKTOP-7DLNI84" failures="0" tests="2" name="PracticeTestNG" time="0.1" errors="0" timestamp="2025-08-16T21:07:00 IST">
  <testcase classname="org.example.driver.BaseTest" name="@BeforeMethod setUp" time="0.013">
    <failure type="java.lang.IllegalArgumentException" message="Invalid browser: ">
      <![CDATA[java.lang.IllegalArgumentException: Invalid browser: 
at org.example.driver.DriverSetup.initDriver(DriverSetup.java:35)
at org.example.driver.BaseTest.setUp(BaseTest.java:14)
at java.base/java.util.ArrayList.forEach(ArrayList.java:1511)
at com.intellij.rt.testng.IDEARemoteTestNG.run(IDEARemoteTestNG.java:66)
at com.intellij.rt.testng.RemoteTestNGStarter.main(RemoteTestNGStarter.java:109)
... Removed 26 stack frames]]>
    </failure>
  </testcase> <!-- @BeforeMethod setUp -->
  <testcase classname="org.example.driver.BaseTest" name="@BeforeMethod setUp" time="0.001">
    <failure type="java.lang.IllegalArgumentException" message="Invalid browser: ">
      <![CDATA[java.lang.IllegalArgumentException: Invalid browser: 
at org.example.driver.DriverSetup.initDriver(DriverSetup.java:35)
at org.example.driver.BaseTest.setUp(BaseTest.java:14)
at java.base/java.util.ArrayList.forEach(ArrayList.java:1511)
at com.intellij.rt.testng.IDEARemoteTestNG.run(IDEARemoteTestNG.java:66)
at com.intellij.rt.testng.RemoteTestNGStarter.main(RemoteTestNGStarter.java:109)
... Removed 26 stack frames]]>
    </failure>
  </testcase> <!-- @BeforeMethod setUp -->
  <testcase classname="org.example.AppTest" name="googleTitleTest" time="0.0">
    <skipped/>
  </testcase> <!-- googleTitleTest -->
  <testcase classname="org.example.AppTest" name="testRegistration" time="0.0">
    <skipped/>
  </testcase> <!-- testRegistration -->
</testsuite> <!-- PracticeTestNG -->
